# JRE version: OpenJDK Runtime Environment (11.0+28) (build 11+28)
# Java VM: OpenJDK 64-Bit Server VM (11+28, mixed mode, tiered, compressed oops, g1 gc, windows-amd64)
Heap:
 garbage-first heap   total 190464K, used 66120K [0x00000000a8400000, 0x0000000100000000)
  region size 1024K, 7 young (7168K), 5 survivors (5120K)
 Metaspace       used 42937K, capacity 44917K, committed 45056K, reserved 1107968K
  class space    used 5539K, capacity 6294K, committed 6400K, reserved 1048576K
GC Heap History (10 events):
Event: 9.542 GC heap before
{Heap before GC invocations=8 (full 0):
 garbage-first heap   total 110592K, used 70480K [0x00000000a8400000, 0x0000000100000000)
  region size 1024K, 26 young (26624K), 4 survivors (4096K)
 Metaspace       used 20468K, capacity 21137K, committed 21296K, reserved 1069056K
  class space    used 2327K, capacity 2592K, committed 2688K, reserved 1048576K
}
Event: 9.561 GC heap after
{Heap after GC invocations=9 (full 0):
 garbage-first heap   total 190464K, used 52608K [0x00000000a8400000, 0x0000000100000000)
  region size 1024K, 3 young (3072K), 3 survivors (3072K)
 Metaspace       used 20468K, capacity 21137K, committed 21296K, reserved 1069056K
  class space    used 2327K, capacity 2592K, committed 2688K, reserved 1048576K
}
Event: 10.545 GC heap before
{Heap before GC invocations=10 (full 0):
 garbage-first heap   total 190464K, used 99712K [0x00000000a8400000, 0x0000000100000000)
  region size 1024K, 52 young (53248K), 3 survivors (3072K)
 Metaspace       used 26300K, capacity 27312K, committed 27520K, reserved 1073152K
  class space    used 3048K, capacity 3420K, committed 3456K, reserved 1048576K
}
Event: 10.588 GC heap after
{Heap after GC invocations=11 (full 0):
 garbage-first heap   total 190464K, used 56045K [0x00000000a8400000, 0x0000000100000000)
  region size 1024K, 7 young (7168K), 7 survivors (7168K)
 Metaspace       used 26300K, capacity 27312K, committed 27520K, reserved 1073152K
  class space    used 3048K, capacity 3420K, committed 3456K, reserved 1048576K
}
Event: 11.816 GC heap before
{Heap before GC invocations=12 (full 0):
 garbage-first heap   total 190464K, used 134893K [0x00000000a8400000, 0x0000000100000000)
  region size 1024K, 85 young (87040K), 7 survivors (7168K)
 Metaspace       used 34476K, capacity 36205K, committed 36352K, reserved 1081344K
  class space    used 4135K, capacity 4815K, committed 4864K, reserved 1048576K
}
Event: 11.843 GC heap after
{Heap after GC invocations=13 (full 0):
 garbage-first heap   total 190464K, used 60341K [0x00000000a8400000, 0x0000000100000000)
  region size 1024K, 10 young (10240K), 10 survivors (10240K)
 Metaspace       used 34476K, capacity 36205K, committed 36352K, reserved 1081344K
  class space    used 4135K, capacity 4815K, committed 4864K, reserved 1048576K
}
Event: 12.361 GC heap before
{Heap before GC invocations=13 (full 0):
 garbage-first heap   total 190464K, used 139189K [0x00000000a8400000, 0x0000000100000000)
  region size 1024K, 87 young (89088K), 10 survivors (10240K)
 Metaspace       used 37820K, capacity 39596K, committed 39808K, reserved 1083392K
  class space    used 4671K, capacity 5391K, committed 5504K, reserved 1048576K
}
Event: 12.386 GC heap after
{Heap after GC invocations=14 (full 0):
 garbage-first heap   total 190464K, used 62606K [0x00000000a8400000, 0x0000000100000000)
  region size 1024K, 7 young (7168K), 7 survivors (7168K)
 Metaspace       used 37820K, capacity 39596K, committed 39808K, reserved 1083392K
  class space    used 4671K, capacity 5391K, committed 5504K, reserved 1048576K
}
Event: 13.291 GC heap before
{Heap before GC invocations=14 (full 0):
 garbage-first heap   total 190464K, used 139406K [0x00000000a8400000, 0x0000000100000000)
  region size 1024K, 84 young (86016K), 7 survivors (7168K)
 Metaspace       used 42409K, capacity 44307K, committed 44416K, reserved 1093632K
  class space    used 5461K, capacity 6214K, committed 6272K, reserved 1048576K
}
Event: 13.312 GC heap after
{Heap after GC invocations=15 (full 0):
 garbage-first heap   total 190464K, used 65096K [0x00000000a8400000, 0x0000000100000000)
  region size 1024K, 5 young (5120K), 5 survivors (5120K)
 Metaspace       used 42409K, capacity 44307K, committed 44416K, reserved 1093632K
  class space    used 5461K, capacity 6214K, committed 6272K, reserved 1048576K
}

